[18:23:33] [Server thread/INFO]: Starting minecraft server version 1.8.8
[18:23:33] [Server thread/INFO]: Loading properties
[18:23:34] [Server thread/INFO]: Default game type: SURVIVAL
[18:23:34] [Server thread/INFO]: This server is running CraftBukkit version git-Spigot-fdc1440-12dc48b (MC: 1.8.8) (Implementing API version 1.8.8-R0.1-SNAPSHOT)
[18:23:34] [Server thread/INFO]: Debug logging is disabled
[18:23:34] [Server thread/INFO]: Server Ping Player Sample Count: 12
[18:23:34] [Server thread/INFO]: Using 4 threads for Netty based IO
[18:23:34] [Server thread/INFO]: Generating keypair
[18:23:34] [Server thread/INFO]: Starting Minecraft server on *:12354
[18:23:35] [Server thread/INFO]: Using default channel type
[18:23:36] [Server thread/WARN]: **** SERVER IS RUNNING IN OFFLINE/INSECURE MODE!
[18:23:36] [Server thread/WARN]: The server will make no attempt to authenticate usernames. Beware.
[18:23:36] [Server thread/WARN]: While this makes the game possible to play without internet access, it also opens up the ability for hackers to connect with any username they choose.
[18:23:36] [Server thread/WARN]: To change this, set "online-mode" to "true" in the server.properties file.
[18:23:36] [Server thread/INFO]: **** Beginning UUID conversion, this may take A LONG time ****
[18:23:36] [Server thread/INFO]: Preparing level "HsmWorld"
[18:23:36] [Server thread/INFO]: -------- World Settings For [HsmWorld] --------
[18:23:36] [Server thread/INFO]: Item Merge Radius: 2.5
[18:23:36] [Server thread/INFO]: Item Despawn Rate: 6000
[18:23:36] [Server thread/INFO]: Chunks to Grow per Tick: 650
[18:23:36] [Server thread/INFO]: Clear tick list: false
[18:23:36] [Server thread/INFO]: Experience Merge Radius: 3.0
[18:23:36] [Server thread/INFO]: Allow Zombie Pigmen to spawn from portal blocks: true
[18:23:36] [Server thread/INFO]: Arrow Despawn Rate: 1200
[18:23:36] [Server thread/INFO]: View Distance: 10
[18:23:36] [Server thread/INFO]: Anti X-Ray: true
[18:23:36] [Server thread/INFO]: 	Engine Mode: 1
[18:23:36] [Server thread/INFO]: 	Hidden Blocks: [14, 15, 16, 21, 48, 49, 54, 56, 73, 74, 82, 129, 130]
[18:23:36] [Server thread/INFO]: 	Replace Blocks: [1, 5]
[18:23:36] [Server thread/INFO]: Mob Spawn Range: 4
[18:23:36] [Server thread/INFO]: Zombie Aggressive Towards Villager: true
[18:23:36] [Server thread/INFO]: Nerfing mobs spawned from spawners: false
[18:23:36] [Server thread/INFO]: Cactus Growth Modifier: 100%
[18:23:36] [Server thread/INFO]: Cane Growth Modifier: 100%
[18:23:36] [Server thread/INFO]: Melon Growth Modifier: 100%
[18:23:36] [Server thread/INFO]: Mushroom Growth Modifier: 100%
[18:23:36] [Server thread/INFO]: Pumpkin Growth Modifier: 100%
[18:23:36] [Server thread/INFO]: Sapling Growth Modifier: 100%
[18:23:36] [Server thread/INFO]: Wheat Growth Modifier: 100%
[18:23:36] [Server thread/INFO]: NetherWart Growth Modifier: 100%
[18:23:36] [Server thread/INFO]: Entity Activation Range: An 32 / Mo 32 / Mi 16
[18:23:36] [Server thread/INFO]: Entity Tracking Range: Pl 48 / An 48 / Mo 48 / Mi 32 / Other 64
[18:23:36] [Server thread/INFO]: Hopper Transfer: 8 Hopper Check: 8 Hopper Amount: 1
[18:23:36] [Server thread/INFO]: Random Lighting Updates: false
[18:23:36] [Server thread/INFO]: Structure Info Saving: true
[18:23:36] [Server thread/INFO]: Sending up to 10 chunks per packet
[18:23:36] [Server thread/INFO]: Max TNT Explosions: 100
[18:23:36] [Server thread/INFO]: Tile Max Tick Time: 50ms Entity max Tick Time: 50ms
[18:23:36] [Server thread/INFO]: Max Entity Collisions: 8
[18:23:36] [Server thread/INFO]: Custom Map Seeds:  Village: 10387312 Feature: 14357617
[18:23:36] [Server thread/INFO]: -------- World Settings For [HsmWorld_nether] --------
[18:23:36] [Server thread/INFO]: Item Merge Radius: 2.5
[18:23:36] [Server thread/INFO]: Item Despawn Rate: 6000
[18:23:36] [Server thread/INFO]: Chunks to Grow per Tick: 650
[18:23:36] [Server thread/INFO]: Clear tick list: false
[18:23:36] [Server thread/INFO]: Experience Merge Radius: 3.0
[18:23:36] [Server thread/INFO]: Allow Zombie Pigmen to spawn from portal blocks: true
[18:23:36] [Server thread/INFO]: Arrow Despawn Rate: 1200
[18:23:36] [Server thread/INFO]: View Distance: 10
[18:23:36] [Server thread/INFO]: Anti X-Ray: true
[18:23:36] [Server thread/INFO]: 	Engine Mode: 1
[18:23:36] [Server thread/INFO]: 	Hidden Blocks: [14, 15, 16, 21, 48, 49, 54, 56, 73, 74, 82, 129, 130]
[18:23:36] [Server thread/INFO]: 	Replace Blocks: [1, 5]
[18:23:36] [Server thread/INFO]: Mob Spawn Range: 4
[18:23:36] [Server thread/INFO]: Zombie Aggressive Towards Villager: true
[18:23:36] [Server thread/INFO]: Nerfing mobs spawned from spawners: false
[18:23:36] [Server thread/INFO]: Cactus Growth Modifier: 100%
[18:23:36] [Server thread/INFO]: Cane Growth Modifier: 100%
[18:23:36] [Server thread/INFO]: Melon Growth Modifier: 100%
[18:23:36] [Server thread/INFO]: Mushroom Growth Modifier: 100%
[18:23:36] [Server thread/INFO]: Pumpkin Growth Modifier: 100%
[18:23:36] [Server thread/INFO]: Sapling Growth Modifier: 100%
[18:23:36] [Server thread/INFO]: Wheat Growth Modifier: 100%
[18:23:36] [Server thread/INFO]: NetherWart Growth Modifier: 100%
[18:23:36] [Server thread/INFO]: Entity Activation Range: An 32 / Mo 32 / Mi 16
[18:23:36] [Server thread/INFO]: Entity Tracking Range: Pl 48 / An 48 / Mo 48 / Mi 32 / Other 64
[18:23:36] [Server thread/INFO]: Hopper Transfer: 8 Hopper Check: 8 Hopper Amount: 1
[18:23:36] [Server thread/INFO]: Random Lighting Updates: false
[18:23:36] [Server thread/INFO]: Structure Info Saving: true
[18:23:36] [Server thread/INFO]: Sending up to 10 chunks per packet
[18:23:36] [Server thread/INFO]: Max TNT Explosions: 100
[18:23:36] [Server thread/INFO]: Tile Max Tick Time: 50ms Entity max Tick Time: 50ms
[18:23:36] [Server thread/INFO]: Max Entity Collisions: 8
[18:23:36] [Server thread/INFO]: Custom Map Seeds:  Village: 10387312 Feature: 14357617
[18:23:36] [Server thread/INFO]: -------- World Settings For [HsmWorld_the_end] --------
[18:23:36] [Server thread/INFO]: Item Merge Radius: 2.5
[18:23:36] [Server thread/INFO]: Item Despawn Rate: 6000
[18:23:36] [Server thread/INFO]: Chunks to Grow per Tick: 650
[18:23:36] [Server thread/INFO]: Clear tick list: false
[18:23:36] [Server thread/INFO]: Experience Merge Radius: 3.0
[18:23:36] [Server thread/INFO]: Allow Zombie Pigmen to spawn from portal blocks: true
[18:23:36] [Server thread/INFO]: Arrow Despawn Rate: 1200
[18:23:36] [Server thread/INFO]: View Distance: 10
[18:23:36] [Server thread/INFO]: Anti X-Ray: true
[18:23:36] [Server thread/INFO]: 	Engine Mode: 1
[18:23:36] [Server thread/INFO]: 	Hidden Blocks: [14, 15, 16, 21, 48, 49, 54, 56, 73, 74, 82, 129, 130]
[18:23:36] [Server thread/INFO]: 	Replace Blocks: [1, 5]
[18:23:36] [Server thread/INFO]: Mob Spawn Range: 4
[18:23:36] [Server thread/INFO]: Zombie Aggressive Towards Villager: true
[18:23:36] [Server thread/INFO]: Nerfing mobs spawned from spawners: false
[18:23:36] [Server thread/INFO]: Cactus Growth Modifier: 100%
[18:23:36] [Server thread/INFO]: Cane Growth Modifier: 100%
[18:23:36] [Server thread/INFO]: Melon Growth Modifier: 100%
[18:23:36] [Server thread/INFO]: Mushroom Growth Modifier: 100%
[18:23:36] [Server thread/INFO]: Pumpkin Growth Modifier: 100%
[18:23:36] [Server thread/INFO]: Sapling Growth Modifier: 100%
[18:23:36] [Server thread/INFO]: Wheat Growth Modifier: 100%
[18:23:36] [Server thread/INFO]: NetherWart Growth Modifier: 100%
[18:23:36] [Server thread/INFO]: Entity Activation Range: An 32 / Mo 32 / Mi 16
[18:23:36] [Server thread/INFO]: Entity Tracking Range: Pl 48 / An 48 / Mo 48 / Mi 32 / Other 64
[18:23:36] [Server thread/INFO]: Hopper Transfer: 8 Hopper Check: 8 Hopper Amount: 1
[18:23:36] [Server thread/INFO]: Random Lighting Updates: false
[18:23:36] [Server thread/INFO]: Structure Info Saving: true
[18:23:36] [Server thread/INFO]: Sending up to 10 chunks per packet
[18:23:36] [Server thread/INFO]: Max TNT Explosions: 100
[18:23:36] [Server thread/INFO]: Tile Max Tick Time: 50ms Entity max Tick Time: 50ms
[18:23:36] [Server thread/INFO]: Max Entity Collisions: 8
[18:23:36] [Server thread/INFO]: Custom Map Seeds:  Village: 10387312 Feature: 14357617
[18:23:36] [Server thread/INFO]: Preparing start region for level 0 (Seed: -7897839639095878316)
[18:23:37] [Server thread/INFO]: Preparing spawn area: 9%
[18:23:38] [Server thread/INFO]: Preparing spawn area: 39%
[18:23:39] [Server thread/INFO]: Preparing spawn area: 75%
[18:23:40] [Server thread/INFO]: Preparing start region for level 1 (Seed: -7897839639095878316)
[18:23:41] [Server thread/INFO]: Preparing spawn area: 60%
[18:23:41] [Server thread/INFO]: Preparing start region for level 2 (Seed: -7897839639095878316)
[18:23:42] [Server thread/INFO]: Server permissions file permissions.yml is empty, ignoring it
[18:23:42] [Server thread/INFO]: Done (5.883s)! For help, type "help" or "?"
[18:39:42] [Thread-8/INFO]: UUID of player barry is ef4dd58d-27c3-3a00-88aa-44e0a69a74da
[18:39:43] [Server thread/INFO]: barry[/127.0.0.1:51061] logged in with entity id 233 at ([HsmWorld]-779.5428568591065, 70.0, 509.658077520238)
[18:44:33] [Server thread/INFO]: barry issued server command: /give barry minecraft:compass 64 0
[18:44:38] [Server thread/INFO]: barry issued server command: /give barry minecraft:compass 1 0
[18:44:40] [Server thread/INFO]: barry issued server command: /give barry minecraft:compass 64 0
[18:44:40] [Server thread/INFO]: barry issued server command: /give barry minecraft:compass 64 0
[18:44:41] [Server thread/INFO]: barry issued server command: /give barry minecraft:compass 64 0
[18:44:44] [Server thread/INFO]: barry issued server command: /give barry minecraft:compass 64 0
[18:44:49] [Server thread/INFO]: barry issued server command: /give barry minecraft:compass 1 0
[18:44:49] [Server thread/INFO]: barry issued server command: /give barry minecraft:compass 1 0
[18:44:50] [Server thread/INFO]: barry issued server command: /give barry minecraft:compass 64 0
[18:44:50] [Server thread/INFO]: barry issued server command: /give barry minecraft:compass 64 0
[18:44:50] [Server thread/INFO]: barry issued server command: /give barry minecraft:compass 64 0
[18:44:50] [Server thread/INFO]: barry issued server command: /give barry minecraft:compass 64 0
[18:44:51] [Server thread/INFO]: barry issued server command: /give barry minecraft:compass 64 0
[18:44:51] [Server thread/INFO]: barry issued server command: /give barry minecraft:compass 64 0
[20:24:56] [Server thread/INFO]: barry lost connection: Disconnected
[20:24:56] [Server thread/INFO]: barry left the game.
[20:25:08] [Server thread/INFO]: Stopping the server
[20:25:08] [Server thread/INFO]: Stopping server
[20:25:08] [Server thread/INFO]: Saving players
[20:25:08] [Server thread/INFO]: Saving worlds
[20:25:08] [Server thread/INFO]: Saving chunks for level 'HsmWorld'/Overworld
[20:25:09] [Server thread/INFO]: Saving chunks for level 'HsmWorld_nether'/Nether
[20:25:09] [Server thread/INFO]: Saving chunks for level 'HsmWorld_the_end'/The End
